2022-06-15 11:22:48 info: =================================
2022-06-15 11:22:48 info: ======= ENV: development =======
2022-06-15 11:22:48 info: 🚀 App listening on the port 3000
2022-06-15 11:22:48 info: =================================
2022-06-15 11:33:52 info: =================================
2022-06-15 11:33:52 info: ======= ENV: development =======
2022-06-15 11:33:52 info: 🚀 App listening on the port 3000
2022-06-15 11:33:52 info: =================================
2022-06-15 13:45:30 info: =================================
2022-06-15 13:45:30 info: ======= ENV: development =======
2022-06-15 13:45:30 info: 🚀 App listening on the port 3000
2022-06-15 13:45:30 info: =================================
2022-06-15 14:32:43 info: =================================
2022-06-15 14:32:43 info: ======= ENV: development =======
2022-06-15 14:32:43 info: 🚀 App listening on the port 3000
2022-06-15 14:32:43 info: =================================
2022-06-15 14:32:53 info: [0mGET / [36m304[0m 13.030 ms - -[0m
2022-06-15 14:33:36 info: [0mGET /trie [33m404[0m 11.135 ms - 143[0m
2022-06-15 14:33:47 info: [0mGET /users [33m404[0m 4.307 ms - 144[0m
2022-06-15 14:34:10 info: [0mGET /api/trie/%D7%90%D7%A0%D7%99 [36m304[0m 2.422 ms - -[0m
