2022-06-14 00:38:46 info: [0mGET /api/trie [36m304[0m 341.557 ms - -[0m
2022-06-14 01:04:42 info: =================================
2022-06-14 01:04:42 info: ======= ENV: development =======
2022-06-14 01:04:42 info: 🚀 App listening on the port 3000
2022-06-14 01:04:42 info: =================================
2022-06-14 01:05:33 info: =================================
2022-06-14 01:05:33 info: ======= ENV: development =======
2022-06-14 01:05:33 info: 🚀 App listening on the port 3000
2022-06-14 01:05:33 info: =================================
2022-06-14 01:07:01 info: =================================
2022-06-14 01:07:01 info: ======= ENV: development =======
2022-06-14 01:07:01 info: 🚀 App listening on the port 3000
2022-06-14 01:07:01 info: =================================
2022-06-14 01:07:08 info: [0mGET /api/trie [32m200[0m 291.994 ms - -[0m
2022-06-14 01:12:49 info: =================================
2022-06-14 01:12:49 info: ======= ENV: development =======
2022-06-14 01:12:49 info: 🚀 App listening on the port 3000
2022-06-14 01:12:49 info: =================================
2022-06-14 01:40:54 info: =================================
2022-06-14 01:40:54 info: ======= ENV: development =======
2022-06-14 01:40:54 info: 🚀 App listening on the port 3000
2022-06-14 01:40:54 info: =================================
2022-06-14 01:41:26 info: [0mGET /api/trie [32m200[0m 262.983 ms - -[0m
2022-06-14 01:49:25 info: =================================
2022-06-14 01:49:25 info: ======= ENV: development =======
2022-06-14 01:49:25 info: 🚀 App listening on the port 3000
2022-06-14 01:49:25 info: =================================
2022-06-14 01:54:26 info: =================================
2022-06-14 01:54:26 info: ======= ENV: development =======
2022-06-14 01:54:26 info: 🚀 App listening on the port 3000
2022-06-14 01:54:26 info: =================================
2022-06-14 02:09:35 info: =================================
2022-06-14 02:09:35 info: ======= ENV: development =======
2022-06-14 02:09:35 info: 🚀 App listening on the port 3000
2022-06-14 02:09:35 info: =================================
2022-06-14 09:04:43 info: =================================
2022-06-14 09:04:43 info: ======= ENV: development =======
2022-06-14 09:04:43 info: 🚀 App listening on the port 3000
2022-06-14 09:04:43 info: =================================
2022-06-14 09:05:17 info: =================================
2022-06-14 09:05:17 info: ======= ENV: development =======
2022-06-14 09:05:17 info: 🚀 App listening on the port 3000
2022-06-14 09:05:17 info: =================================
2022-06-14 09:05:38 info: =================================
2022-06-14 09:05:38 info: ======= ENV: development =======
2022-06-14 09:05:38 info: 🚀 App listening on the port 3000
2022-06-14 09:05:38 info: =================================
2022-06-14 09:05:39 info: [0mGET /api/trie [32m200[0m 276.445 ms - -[0m
2022-06-14 09:06:23 info: =================================
2022-06-14 09:06:23 info: ======= ENV: development =======
2022-06-14 09:06:23 info: 🚀 App listening on the port 3000
2022-06-14 09:06:23 info: =================================
2022-06-14 09:08:35 info: =================================
2022-06-14 09:08:35 info: ======= ENV: development =======
2022-06-14 09:08:35 info: 🚀 App listening on the port 3000
2022-06-14 09:08:35 info: =================================
2022-06-14 10:12:08 info: =================================
2022-06-14 10:12:08 info: ======= ENV: development =======
2022-06-14 10:12:08 info: 🚀 App listening on the port 3000
2022-06-14 10:12:08 info: =================================
2022-06-14 10:15:03 info: =================================
2022-06-14 10:15:03 info: ======= ENV: development =======
2022-06-14 10:15:03 info: 🚀 App listening on the port 3000
2022-06-14 10:15:03 info: =================================
2022-06-14 10:34:19 info: =================================
2022-06-14 10:34:19 info: ======= ENV: development =======
2022-06-14 10:34:19 info: 🚀 App listening on the port 3000
2022-06-14 10:34:19 info: =================================
2022-06-14 10:37:22 info: [0mGET /api/trie [32m200[0m 223.789 ms - -[0m
2022-06-14 10:40:15 info: =================================
2022-06-14 10:40:15 info: ======= ENV: development =======
2022-06-14 10:40:15 info: 🚀 App listening on the port 3000
2022-06-14 10:40:15 info: =================================
2022-06-14 10:41:09 info: =================================
2022-06-14 10:41:09 info: ======= ENV: development =======
2022-06-14 10:41:09 info: 🚀 App listening on the port 3000
2022-06-14 10:41:09 info: =================================
2022-06-14 10:41:31 info: [0mGET /api/trie [32m200[0m 152.541 ms - -[0m
2022-06-14 10:42:06 info: [0mGET /api/trie [36m304[0m 130.755 ms - -[0m
2022-06-14 10:42:46 info: =================================
2022-06-14 10:42:46 info: ======= ENV: development =======
2022-06-14 10:42:46 info: 🚀 App listening on the port 3000
2022-06-14 10:42:46 info: =================================
2022-06-14 10:43:03 info: [0mGET /api/trie/%D7%90%D7%9E%D7%90 [36m304[0m 12.829 ms - -[0m
2022-06-14 10:47:15 info: =================================
2022-06-14 10:47:15 info: ======= ENV: development =======
2022-06-14 10:47:15 info: 🚀 App listening on the port 3000
2022-06-14 10:47:15 info: =================================
2022-06-14 10:47:23 info: [0mGET / [32m200[0m 6.414 ms - 2[0m
2022-06-14 10:47:39 info: [0mGET /api/trie/%D7%99%D7%9C%D7%93 [32m200[0m 3.780 ms - 45[0m
2022-06-14 10:47:50 info: [0mGET /api/trie/%D7%99%D7%9C%D7%93%D7%94 [32m200[0m 2.377 ms - 45[0m
2022-06-14 10:47:55 info: [0mGET /api/trie/%D7%90%D7%A0%D7%99 [32m200[0m 1.519 ms - 43[0m
2022-06-14 10:50:03 info: [0mGET /api/trie [32m200[0m 176.142 ms - -[0m
2022-06-14 10:54:26 info: =================================
2022-06-14 10:54:26 info: ======= ENV: development =======
2022-06-14 10:54:26 info: 🚀 App listening on the port 3000
2022-06-14 10:54:26 info: =================================
2022-06-14 10:54:29 info: [0mGET /api/trie [36m304[0m 137.436 ms - -[0m
2022-06-14 11:32:09 info: =================================
2022-06-14 11:32:09 info: ======= ENV: development =======
2022-06-14 11:32:09 info: 🚀 App listening on the port 3000
2022-06-14 11:32:09 info: =================================
2022-06-14 11:32:45 info: =================================
2022-06-14 11:32:45 info: ======= ENV: development =======
2022-06-14 11:32:45 info: 🚀 App listening on the port 3000
2022-06-14 11:32:45 info: =================================
2022-06-14 11:33:46 info: =================================
2022-06-14 11:33:46 info: ======= ENV: development =======
2022-06-14 11:33:46 info: 🚀 App listening on the port 3000
2022-06-14 11:33:46 info: =================================
2022-06-14 11:34:59 info: =================================
2022-06-14 11:34:59 info: ======= ENV: development =======
2022-06-14 11:34:59 info: 🚀 App listening on the port 3000
2022-06-14 11:34:59 info: =================================
2022-06-14 11:49:24 info: [0mGET /api/trie [32m200[0m 389.441 ms - -[0m
2022-06-14 11:57:03 info: =================================
2022-06-14 11:57:03 info: ======= ENV: development =======
2022-06-14 11:57:03 info: 🚀 App listening on the port 3000
2022-06-14 11:57:03 info: =================================
2022-06-14 11:57:05 info: [0mGET /api/trie [32m200[0m 162.680 ms - -[0m
2022-06-14 11:57:57 info: =================================
2022-06-14 11:57:57 info: ======= ENV: development =======
2022-06-14 11:57:57 info: 🚀 App listening on the port 3000
2022-06-14 11:57:57 info: =================================
2022-06-14 12:00:22 info: =================================
2022-06-14 12:00:22 info: ======= ENV: development =======
2022-06-14 12:00:22 info: 🚀 App listening on the port 3000
2022-06-14 12:00:22 info: =================================
2022-06-14 12:03:52 info: =================================
2022-06-14 12:03:52 info: ======= ENV: development =======
2022-06-14 12:03:52 info: 🚀 App listening on the port 3000
2022-06-14 12:03:52 info: =================================
2022-06-14 12:04:24 info: =================================
2022-06-14 12:04:24 info: ======= ENV: development =======
2022-06-14 12:04:24 info: 🚀 App listening on the port 3000
2022-06-14 12:04:24 info: =================================
2022-06-14 12:05:35 info: =================================
2022-06-14 12:05:35 info: ======= ENV: development =======
2022-06-14 12:05:35 info: 🚀 App listening on the port 3000
2022-06-14 12:05:35 info: =================================
2022-06-14 12:45:04 info: =================================
2022-06-14 12:45:04 info: ======= ENV: development =======
2022-06-14 12:45:04 info: 🚀 App listening on the port 3000
2022-06-14 12:45:04 info: =================================
2022-06-14 12:51:50 info: =================================
2022-06-14 12:51:50 info: ======= ENV: development =======
2022-06-14 12:51:50 info: 🚀 App listening on the port 3000
2022-06-14 12:51:50 info: =================================
2022-06-14 13:00:02 info: =================================
2022-06-14 13:00:02 info: ======= ENV: development =======
2022-06-14 13:00:02 info: 🚀 App listening on the port 3000
2022-06-14 13:00:02 info: =================================
2022-06-14 13:06:48 info: =================================
2022-06-14 13:06:48 info: ======= ENV: development =======
2022-06-14 13:06:48 info: 🚀 App listening on the port 3000
2022-06-14 13:06:48 info: =================================
2022-06-14 13:10:57 info: =================================
2022-06-14 13:10:57 info: ======= ENV: development =======
2022-06-14 13:10:57 info: 🚀 App listening on the port 3000
2022-06-14 13:10:57 info: =================================
2022-06-14 13:11:44 info: =================================
2022-06-14 13:11:44 info: ======= ENV: development =======
2022-06-14 13:11:44 info: 🚀 App listening on the port 3000
2022-06-14 13:11:44 info: =================================
2022-06-14 13:33:07 info: =================================
2022-06-14 13:33:07 info: ======= ENV: development =======
2022-06-14 13:33:07 info: 🚀 App listening on the port 3000
2022-06-14 13:33:07 info: =================================
2022-06-14 14:00:33 info: =================================
2022-06-14 14:00:33 info: ======= ENV: development =======
2022-06-14 14:00:33 info: 🚀 App listening on the port 3000
2022-06-14 14:00:33 info: =================================
2022-06-14 14:00:44 info: [0mGET /api/trie [32m200[0m 265.163 ms - -[0m
2022-06-14 14:01:24 info: =================================
2022-06-14 14:01:24 info: ======= ENV: development =======
2022-06-14 14:01:24 info: 🚀 App listening on the port 3000
2022-06-14 14:01:24 info: =================================
2022-06-14 14:03:06 info: [0mGET /api/trie [32m200[0m 143.310 ms - -[0m
2022-06-14 14:04:34 info: =================================
2022-06-14 14:04:34 info: ======= ENV: development =======
2022-06-14 14:04:34 info: 🚀 App listening on the port 3000
2022-06-14 14:04:34 info: =================================
2022-06-14 14:05:06 info: [0mGET /api/trie [32m200[0m 287.806 ms - -[0m
2022-06-14 14:06:44 info: =================================
2022-06-14 14:06:44 info: ======= ENV: development =======
2022-06-14 14:06:44 info: 🚀 App listening on the port 3000
2022-06-14 14:06:44 info: =================================
2022-06-14 14:06:44 info: [0mGET /api/trie [36m304[0m 139.459 ms - -[0m
2022-06-14 14:09:25 info: [0mGET /api/trie [36m304[0m 182.421 ms - -[0m
2022-06-14 14:10:43 info: =================================
2022-06-14 14:10:43 info: ======= ENV: development =======
2022-06-14 14:10:43 info: 🚀 App listening on the port 3000
2022-06-14 14:10:43 info: =================================
2022-06-14 14:11:53 info: =================================
2022-06-14 14:11:53 info: ======= ENV: development =======
2022-06-14 14:11:53 info: 🚀 App listening on the port 3000
2022-06-14 14:11:53 info: =================================
2022-06-14 14:18:45 info: [0mGET /api/trie [32m200[0m 226.835 ms - -[0m
2022-06-14 16:18:00 info: =================================
2022-06-14 16:18:00 info: ======= ENV: development =======
2022-06-14 16:18:00 info: 🚀 App listening on the port 3000
2022-06-14 16:18:00 info: =================================
2022-06-14 16:57:00 info: =================================
2022-06-14 16:57:00 info: ======= ENV: development =======
2022-06-14 16:57:00 info: 🚀 App listening on the port 3000
2022-06-14 16:57:00 info: =================================
2022-06-14 17:03:28 info: =================================
2022-06-14 17:03:28 info: ======= ENV: development =======
2022-06-14 17:03:28 info: 🚀 App listening on the port 3000
2022-06-14 17:03:28 info: =================================
2022-06-14 17:04:44 info: =================================
2022-06-14 17:04:44 info: ======= ENV: development =======
2022-06-14 17:04:44 info: 🚀 App listening on the port 3000
2022-06-14 17:04:44 info: =================================
2022-06-14 17:08:41 info: [0mGET /api/trie [32m200[0m 334.328 ms - -[0m
2022-06-14 17:09:23 info: [0mGET /api/trie [36m304[0m 274.445 ms - -[0m
2022-06-14 17:13:47 info: =================================
2022-06-14 17:13:47 info: ======= ENV: development =======
2022-06-14 17:13:47 info: 🚀 App listening on the port 3000
2022-06-14 17:13:47 info: =================================
2022-06-14 17:14:06 info: =================================
2022-06-14 17:14:06 info: ======= ENV: development =======
2022-06-14 17:14:06 info: 🚀 App listening on the port 3000
2022-06-14 17:14:06 info: =================================
2022-06-14 17:15:01 info: =================================
2022-06-14 17:15:01 info: ======= ENV: development =======
2022-06-14 17:15:01 info: 🚀 App listening on the port 3000
2022-06-14 17:15:01 info: =================================
2022-06-14 17:15:29 info: =================================
2022-06-14 17:15:29 info: ======= ENV: development =======
2022-06-14 17:15:29 info: 🚀 App listening on the port 3000
2022-06-14 17:15:29 info: =================================
2022-06-14 17:17:07 info: =================================
2022-06-14 17:17:08 info: ======= ENV: development =======
2022-06-14 17:17:08 info: 🚀 App listening on the port 3000
2022-06-14 17:17:08 info: =================================
2022-06-14 17:18:12 info: =================================
2022-06-14 17:18:12 info: ======= ENV: development =======
2022-06-14 17:18:12 info: 🚀 App listening on the port 3000
2022-06-14 17:18:12 info: =================================
2022-06-14 17:28:15 info: [0mGET /api/trie [32m200[0m 768.942 ms - -[0m
2022-06-14 17:28:18 info: [0mGET /api/trie [36m304[0m 156.016 ms - -[0m
2022-06-14 17:28:42 info: [0mGET /api/trie [36m304[0m 201.808 ms - -[0m
2022-06-14 17:37:47 info: [0mGET /api/trie [36m304[0m 206.321 ms - -[0m
2022-06-14 17:38:38 info: [0mGET /api/trie [36m304[0m 278.075 ms - -[0m
2022-06-14 17:46:42 info: =================================
2022-06-14 17:46:42 info: ======= ENV: development =======
2022-06-14 17:46:42 info: 🚀 App listening on the port 3000
2022-06-14 17:46:42 info: =================================
2022-06-14 18:45:02 info: =================================
2022-06-14 18:45:02 info: ======= ENV: development =======
2022-06-14 18:45:02 info: 🚀 App listening on the port 3000
2022-06-14 18:45:02 info: =================================
2022-06-14 18:54:10 info: =================================
2022-06-14 18:54:10 info: ======= ENV: development =======
2022-06-14 18:54:10 info: 🚀 App listening on the port 3000
2022-06-14 18:54:10 info: =================================
2022-06-14 18:59:10 info: =================================
2022-06-14 18:59:10 info: ======= ENV: development =======
2022-06-14 18:59:10 info: 🚀 App listening on the port 3000
2022-06-14 18:59:10 info: =================================
2022-06-14 18:59:27 info: =================================
2022-06-14 18:59:27 info: ======= ENV: development =======
2022-06-14 18:59:27 info: 🚀 App listening on the port 3000
2022-06-14 18:59:27 info: =================================
2022-06-14 18:59:28 info: [0mGET /api/trie [32m200[0m 222.741 ms - -[0m
2022-06-14 19:03:27 info: =================================
2022-06-14 19:03:27 info: ======= ENV: development =======
2022-06-14 19:03:27 info: 🚀 App listening on the port 3000
2022-06-14 19:03:27 info: =================================
2022-06-14 19:03:43 info: =================================
2022-06-14 19:03:43 info: ======= ENV: development =======
2022-06-14 19:03:43 info: 🚀 App listening on the port 3000
2022-06-14 19:03:43 info: =================================
2022-06-14 19:03:45 info: [0mGET /api/trie [36m304[0m 198.913 ms - -[0m
2022-06-14 19:07:39 info: =================================
2022-06-14 19:07:39 info: ======= ENV: development =======
2022-06-14 19:07:39 info: 🚀 App listening on the port 3000
2022-06-14 19:07:39 info: =================================
2022-06-14 19:08:02 info: =================================
2022-06-14 19:08:02 info: ======= ENV: development =======
2022-06-14 19:08:02 info: 🚀 App listening on the port 3000
2022-06-14 19:08:02 info: =================================
2022-06-14 19:08:15 info: =================================
2022-06-14 19:08:15 info: ======= ENV: development =======
2022-06-14 19:08:15 info: 🚀 App listening on the port 3000
2022-06-14 19:08:15 info: =================================
2022-06-14 19:12:10 info: =================================
2022-06-14 19:12:10 info: ======= ENV: development =======
2022-06-14 19:12:10 info: 🚀 App listening on the port 3000
2022-06-14 19:12:10 info: =================================
2022-06-14 19:13:20 info: =================================
2022-06-14 19:13:20 info: ======= ENV: development =======
2022-06-14 19:13:20 info: 🚀 App listening on the port 3000
2022-06-14 19:13:20 info: =================================
2022-06-14 19:18:35 info: =================================
2022-06-14 19:18:35 info: ======= ENV: development =======
2022-06-14 19:18:35 info: 🚀 App listening on the port 3000
2022-06-14 19:18:35 info: =================================
2022-06-14 19:19:33 info: =================================
2022-06-14 19:19:33 info: ======= ENV: development =======
2022-06-14 19:19:33 info: 🚀 App listening on the port 3000
2022-06-14 19:19:33 info: =================================
2022-06-14 19:25:07 info: =================================
2022-06-14 19:25:07 info: ======= ENV: development =======
2022-06-14 19:25:07 info: 🚀 App listening on the port 3000
2022-06-14 19:25:07 info: =================================
2022-06-14 19:35:53 info: =================================
2022-06-14 19:35:53 info: ======= ENV: development =======
2022-06-14 19:35:53 info: 🚀 App listening on the port 3000
2022-06-14 19:35:53 info: =================================
2022-06-14 19:41:10 info: =================================
2022-06-14 19:41:10 info: ======= ENV: development =======
2022-06-14 19:41:10 info: 🚀 App listening on the port 3000
2022-06-14 19:41:10 info: =================================
2022-06-14 19:49:01 info: [0mGET /api/trie/%D7%90%D7%A0%D7%99 [32m200[0m 13.556 ms - 43[0m
2022-06-14 19:49:39 info: [0mGET /api/trie/%D7%90%D7%A0%D7%99 [36m304[0m 3.557 ms - -[0m
2022-06-14 19:49:46 info: [0mGET /trie/%D7%90%D7%A0%D7%99 [33m404[0m 7.600 ms - 162[0m
2022-06-14 19:49:55 info: [0mGET / [36m304[0m 0.855 ms - -[0m
2022-06-14 19:53:32 info: =================================
2022-06-14 19:53:32 info: ======= ENV: development =======
2022-06-14 19:53:32 info: 🚀 App listening on the port 3000
2022-06-14 19:53:32 info: =================================
2022-06-14 19:53:41 info: [0mGET /trie [33m404[0m 11.224 ms - 143[0m
2022-06-14 19:53:47 info: [0mGET /api/trie/%D7%90%D7%A0%D7%99 [36m304[0m 8.240 ms - -[0m
2022-06-14 19:53:47 info: [0mGET /favicon.ico [33m404[0m 5.138 ms - 150[0m
2022-06-14 19:56:42 info: =================================
2022-06-14 19:56:42 info: ======= ENV: development =======
2022-06-14 19:56:42 info: 🚀 App listening on the port 3000
2022-06-14 19:56:42 info: =================================
2022-06-14 19:58:29 info: [0mGET /api/trie [32m200[0m 171.963 ms - -[0m
2022-06-14 21:13:00 info: =================================
2022-06-14 21:13:00 info: ======= ENV: development =======
2022-06-14 21:13:00 info: 🚀 App listening on the port 3000
2022-06-14 21:13:00 info: =================================
2022-06-14 21:15:55 info: =================================
2022-06-14 21:15:55 info: ======= ENV: development =======
2022-06-14 21:15:55 info: 🚀 App listening on the port 3000
2022-06-14 21:15:55 info: =================================
2022-06-14 21:17:19 info: [0mGET /api/trie [32m200[0m 185.408 ms - -[0m
2022-06-14 21:23:08 info: =================================
2022-06-14 21:23:08 info: ======= ENV: development =======
2022-06-14 21:23:08 info: 🚀 App listening on the port 3000
2022-06-14 21:23:08 info: =================================
2022-06-14 21:23:28 info: [0mGET /api/trie [32m200[0m 216.672 ms - -[0m
2022-06-14 21:25:07 info: =================================
2022-06-14 21:25:07 info: ======= ENV: development =======
2022-06-14 21:25:07 info: 🚀 App listening on the port 3000
2022-06-14 21:25:07 info: =================================
2022-06-14 21:28:56 info: =================================
2022-06-14 21:28:56 info: ======= ENV: development =======
2022-06-14 21:28:56 info: 🚀 App listening on the port 3000
2022-06-14 21:28:56 info: =================================
2022-06-14 21:29:24 info: =================================
2022-06-14 21:29:24 info: ======= ENV: development =======
2022-06-14 21:29:24 info: 🚀 App listening on the port 3000
2022-06-14 21:29:24 info: =================================
2022-06-14 21:29:30 info: [0mGET /api/trie [32m200[0m 185.884 ms - -[0m
2022-06-14 21:31:12 info: =================================
2022-06-14 21:31:12 info: ======= ENV: development =======
2022-06-14 21:31:12 info: 🚀 App listening on the port 3000
2022-06-14 21:31:12 info: =================================
2022-06-14 21:31:15 info: [0mGET /api/trie [32m200[0m 223.283 ms - -[0m
2022-06-14 21:37:27 info: [0mGET /api/trie [36m304[0m 220.427 ms - -[0m
2022-06-14 21:52:31 info: [0mGET /api/trie [36m304[0m 206.066 ms - -[0m
